<?xml version="1.0" encoding="UTF-8"?>
<testng-results skipped="0" failed="0" ignored="0" total="1" passed="1">
  <reporter-output>
  </reporter-output>
  <suite name="regression" duration-ms="35695" started-at="2021-06-04T15:05:44 CDT" finished-at="2021-06-04T15:06:20 CDT">
    <groups>
    </groups>
    <test name="Logintest" duration-ms="35695" started-at="2021-06-04T15:05:44 CDT" finished-at="2021-06-04T15:06:20 CDT">
      <class name="test.ListCustomerTest">
        <test-method status="PASS" signature="userShouldBeAbletoUseSearchBarOnListCustomer(java.lang.String,java.lang.String,java.lang.String,java.lang.String,java.lang.String,java.lang.String,java.lang.String,java.lang.String,java.lang.String,java.lang.String,java.lang.String)[pri:0, instance:test.ListCustomerTest@74650e52]" name="userShouldBeAbletoUseSearchBarOnListCustomer" duration-ms="35626" started-at="2021-06-04T15:05:44 CDT" finished-at="2021-06-04T15:06:20 CDT">
          <params>
            <param index="0">
              <value>
                <![CDATA[demo@techfios.com]]>
              </value>
            </param>
            <param index="1">
              <value>
                <![CDATA[abc123]]>
              </value>
            </param>
            <param index="2">
              <value>
                <![CDATA[JamesBond]]>
              </value>
            </param>
            <param index="3">
              <value>
                <![CDATA[Techfios]]>
              </value>
            </param>
            <param index="4">
              <value>
                <![CDATA[james@gmail.com]]>
              </value>
            </param>
            <param index="5">
              <value>
                <![CDATA[236744]]>
              </value>
            </param>
            <param index="6">
              <value>
                <![CDATA[techfios Carrolton]]>
              </value>
            </param>
            <param index="7">
              <value>
                <![CDATA[Dallas]]>
              </value>
            </param>
            <param index="8">
              <value>
                <![CDATA[TX]]>
              </value>
            </param>
            <param index="9">
              <value>
                <![CDATA[United Kingdom]]>
              </value>
            </param>
            <param index="10">
              <value>
                <![CDATA[26383]]>
              </value>
            </param>
          </params>
          <reporter-output>
          </reporter-output>
        </test-method> <!-- userShouldBeAbletoUseSearchBarOnListCustomer -->
      </class> <!-- test.ListCustomerTest -->
    </test> <!-- Logintest -->
  </suite> <!-- regression -->
</testng-results>
